# JRE version: Java(TM) SE Runtime Environment (8.0_101-b13) (build 1.8.0_101-b13)
# Java VM: Java HotSpot(TM) Client VM (25.101-b13 mixed mode windows-x86 )
Heap:
 garbage-first heap   total 131072K, used 95501K [0x04000000, 0x04100200, 0x24000000)
  region size 1024K, 62 young (63488K), 4 survivors (4096K)
 Metaspace       used 22212K, capacity 23111K, committed 23168K, reserved 23936K
GC Heap History (10 events):
Event: 3.650 GC heap before
{Heap before GC invocations=6 (full 0):
 garbage-first heap   total 131072K, used 33003K [0x04000000, 0x04100200, 0x24000000)
  region size 1024K, 14 young (14336K), 9 survivors (9216K)
 Metaspace       used 20150K, capacity 20874K, committed 20908K, reserved 21888K
Event: 3.678 GC heap after
Heap after GC invocations=7 (full 0):
 garbage-first heap   total 131072K, used 31960K [0x04000000, 0x04100200, 0x24000000)
  region size 1024K, 2 young (2048K), 2 survivors (2048K)
 Metaspace       used 20150K, capacity 20874K, committed 20908K, reserved 21888K
}
Event: 4.237 GC heap before
{Heap before GC invocations=8 (full 0):
 garbage-first heap   total 131072K, used 103640K [0x04000000, 0x04100200, 0x24000000)
  region size 1024K, 72 young (73728K), 2 survivors (2048K)
 Metaspace       used 21023K, capacity 21780K, committed 21804K, reserved 21888K
Event: 4.245 GC heap after
Heap after GC invocations=9 (full 0):
 garbage-first heap   total 131072K, used 33496K [0x04000000, 0x04100200, 0x24000000)
  region size 1024K, 4 young (4096K), 4 survivors (4096K)
 Metaspace       used 21023K, capacity 21780K, committed 21804K, reserved 21888K
}
Event: 4.284 GC heap before
{Heap before GC invocations=9 (full 0):
 garbage-first heap   total 131072K, used 105176K [0x04000000, 0x04100200, 0x24000000)
  region size 1024K, 74 young (75776K), 4 survivors (4096K)
 Metaspace       used 21023K, capacity 21780K, committed 21804K, reserved 21888K
Event: 4.288 GC heap after
Heap after GC invocations=10 (full 0):
 garbage-first heap   total 131072K, used 31960K [0x04000000, 0x04100200, 0x24000000)
  region size 1024K, 2 young (2048K), 2 survivors (2048K)
 Metaspace       used 21023K, capacity 21780K, committed 21804K, reserved 21888K
}
Event: 4.327 GC heap before
{Heap before GC invocations=10 (full 0):
 garbage-first heap   total 131072K, used 106712K [0x04000000, 0x04100200, 0x24000000)
  region size 1024K, 75 young (76800K), 2 survivors (2048K)
 Metaspace       used 21023K, capacity 21780K, committed 21804K, reserved 21888K
Event: 4.332 GC heap after
Heap after GC invocations=11 (full 0):
 garbage-first heap   total 131072K, used 31960K [0x04000000, 0x04100200, 0x24000000)
  region size 1024K, 2 young (2048K), 2 survivors (2048K)
 Metaspace       used 21023K, capacity 21780K, committed 21804K, reserved 21888K
}
Event: 4.433 GC heap before
{Heap before GC invocations=11 (full 0):
 garbage-first heap   total 131072K, used 107736K [0x04000000, 0x04100200, 0x24000000)
  region size 1024K, 76 young (77824K), 2 survivors (2048K)
 Metaspace       used 21172K, capacity 21928K, committed 22016K, reserved 22912K
Event: 4.439 GC heap after
Heap after GC invocations=12 (full 0):
 garbage-first heap   total 131072K, used 34008K [0x04000000, 0x04100200, 0x24000000)
  region size 1024K, 4 young (4096K), 4 survivors (4096K)
 Metaspace       used 21172K, capacity 21928K, committed 22016K, reserved 22912K
}

